# JRE version: Java(TM) SE Runtime Environment (21.0.1+12) (build 21.0.1+12-LTS-29)
# Java VM: Java HotSpot(TM) 64-Bit Server VM (21.0.1+12-LTS-29, mixed mode, emulated-client, sharing, tiered, compressed oops, compressed class ptrs, g1 gc, windows-amd64)
GC Precious Log:
 CardTable entry size: 512
 Card Set container configuration: InlinePtr #cards 4 size 8 Array Of Cards #cards 16 size 48 Howl #buckets 8 coarsen threshold 3686 Howl Bitmap #cards 512 size 80 coarsen threshold 460 Card regions per heap region 1 cards per card region 4096
 CPUs: 8 total, 8 available
 Memory: 16122M
 Large Page Support: Disabled
 NUMA Support: Disabled
 Compressed Oops: Enabled (Zero based)
 Heap Region Size: 2M
 Heap Min Capacity: 8M
 Heap Initial Capacity: 252M
 Heap Max Capacity: 4032M
 Pre-touch: Disabled
 Parallel Workers: 8
 Concurrent Workers: 2
 Concurrent Refinement Workers: 8
 Periodic GC: Disabled
Heap:
 garbage-first heap   total 92160K, used 50827K [0x0000000704000000, 0x0000000800000000)
  region size 2048K, 4 young (8192K), 2 survivors (4096K)
 Metaspace       used 75108K, committed 75776K, reserved 1179648K
  class space    used 9866K, committed 10176K, reserved 1048576K
GC Heap History (20 events):
Event: 5.371 GC heap after
{Heap after GC invocations=13 (full 0):
 garbage-first heap   total 75776K, used 31101K [0x0000000704000000, 0x0000000800000000)
  region size 2048K, 1 young (2048K), 1 survivors (2048K)
 Metaspace       used 43152K, committed 43584K, reserved 1114112K
  class space    used 5701K, committed 5888K, reserved 1048576K
}
Event: 5.709 GC heap before
{Heap before GC invocations=13 (full 0):
 garbage-first heap   total 75776K, used 63869K [0x0000000704000000, 0x0000000800000000)
  region size 2048K, 17 young (34816K), 1 survivors (2048K)
 Metaspace       used 46084K, committed 46592K, reserved 1114112K
  class space    used 6102K, committed 6336K, reserved 1048576K
}
Event: 5.712 GC heap after
{Heap after GC invocations=14 (full 0):
 garbage-first heap   total 92160K, used 32883K [0x0000000704000000, 0x0000000800000000)
  region size 2048K, 2 young (4096K), 2 survivors (4096K)
 Metaspace       used 46084K, committed 46592K, reserved 1114112K
  class space    used 6102K, committed 6336K, reserved 1048576K
}
Event: 6.358 GC heap before
{Heap before GC invocations=14 (full 0):
 garbage-first heap   total 92160K, used 79987K [0x0000000704000000, 0x0000000800000000)
  region size 2048K, 25 young (51200K), 2 survivors (4096K)
 Metaspace       used 49278K, committed 49792K, reserved 1114112K
  class space    used 6567K, committed 6784K, reserved 1048576K
}
Event: 6.363 GC heap after
{Heap after GC invocations=15 (full 0):
 garbage-first heap   total 92160K, used 36326K [0x0000000704000000, 0x0000000800000000)
  region size 2048K, 4 young (8192K), 4 survivors (8192K)
 Metaspace       used 49278K, committed 49792K, reserved 1114112K
  class space    used 6567K, committed 6784K, reserved 1048576K
}
Event: 6.807 GC heap before
{Heap before GC invocations=15 (full 0):
 garbage-first heap   total 92160K, used 75238K [0x0000000704000000, 0x0000000800000000)
  region size 2048K, 23 young (47104K), 4 survivors (8192K)
 Metaspace       used 53541K, committed 54080K, reserved 1114112K
  class space    used 7119K, committed 7360K, reserved 1048576K
}
Event: 6.812 GC heap after
{Heap after GC invocations=16 (full 0):
 garbage-first heap   total 92160K, used 39651K [0x0000000704000000, 0x0000000800000000)
  region size 2048K, 2 young (4096K), 2 survivors (4096K)
 Metaspace       used 53541K, committed 54080K, reserved 1114112K
  class space    used 7119K, committed 7360K, reserved 1048576K
}
Event: 6.942 GC heap before
{Heap before GC invocations=16 (full 0):
 garbage-first heap   total 92160K, used 49891K [0x0000000704000000, 0x0000000800000000)
  region size 2048K, 8 young (16384K), 2 survivors (4096K)
 Metaspace       used 54157K, committed 54656K, reserved 1114112K
  class space    used 7192K, committed 7424K, reserved 1048576K
}
Event: 6.945 GC heap after
{Heap after GC invocations=17 (full 0):
 garbage-first heap   total 92160K, used 40065K [0x0000000704000000, 0x0000000800000000)
  region size 2048K, 2 young (4096K), 2 survivors (4096K)
 Metaspace       used 54157K, committed 54656K, reserved 1114112K
  class space    used 7192K, committed 7424K, reserved 1048576K
}
Event: 7.508 GC heap before
{Heap before GC invocations=18 (full 0):
 garbage-first heap   total 92160K, used 81025K [0x0000000704000000, 0x0000000800000000)
  region size 2048K, 22 young (45056K), 2 survivors (4096K)
 Metaspace       used 59911K, committed 60544K, reserved 1114112K
  class space    used 7918K, committed 8192K, reserved 1048576K
}
Event: 7.512 GC heap after
{Heap after GC invocations=19 (full 0):
 garbage-first heap   total 92160K, used 43753K [0x0000000704000000, 0x0000000800000000)
  region size 2048K, 3 young (6144K), 3 survivors (6144K)
 Metaspace       used 59911K, committed 60544K, reserved 1114112K
  class space    used 7918K, committed 8192K, reserved 1048576K
}
Event: 7.934 GC heap before
{Heap before GC invocations=19 (full 0):
 garbage-first heap   total 92160K, used 76521K [0x0000000704000000, 0x0000000800000000)
  region size 2048K, 19 young (38912K), 3 survivors (6144K)
 Metaspace       used 63034K, committed 63616K, reserved 1114112K
  class space    used 8387K, committed 8640K, reserved 1048576K
}
Event: 7.939 GC heap after
{Heap after GC invocations=20 (full 0):
 garbage-first heap   total 92160K, used 45544K [0x0000000704000000, 0x0000000800000000)
  region size 2048K, 2 young (4096K), 2 survivors (4096K)
 Metaspace       used 63034K, committed 63616K, reserved 1114112K
  class space    used 8387K, committed 8640K, reserved 1048576K
}
Event: 8.284 GC heap before
{Heap before GC invocations=20 (full 0):
 garbage-first heap   total 92160K, used 78312K [0x0000000704000000, 0x0000000800000000)
  region size 2048K, 18 young (36864K), 2 survivors (4096K)
 Metaspace       used 68825K, committed 69440K, reserved 1114112K
  class space    used 9076K, committed 9344K, reserved 1048576K
}
Event: 8.286 GC heap after
{Heap after GC invocations=21 (full 0):
 garbage-first heap   total 92160K, used 46430K [0x0000000704000000, 0x0000000800000000)
  region size 2048K, 2 young (4096K), 2 survivors (4096K)
 Metaspace       used 68825K, committed 69440K, reserved 1114112K
  class space    used 9076K, committed 9344K, reserved 1048576K
}
Event: 58.084 GC heap before
{Heap before GC invocations=22 (full 0):
 garbage-first heap   total 92160K, used 77150K [0x0000000704000000, 0x0000000800000000)
  region size 2048K, 18 young (36864K), 2 survivors (4096K)
 Metaspace       used 73252K, committed 73920K, reserved 1114112K
  class space    used 9623K, committed 9920K, reserved 1048576K
}
Event: 58.087 GC heap after
{Heap after GC invocations=23 (full 0):
 garbage-first heap   total 92160K, used 48434K [0x0000000704000000, 0x0000000800000000)
  region size 2048K, 3 young (6144K), 3 survivors (6144K)
 Metaspace       used 73252K, committed 73920K, reserved 1114112K
  class space    used 9623K, committed 9920K, reserved 1048576K
}
Event: 229.384 GC heap before
{Heap before GC invocations=23 (full 0):
 garbage-first heap   total 92160K, used 77106K [0x0000000704000000, 0x0000000800000000)
  region size 2048K, 17 young (34816K), 3 survivors (6144K)
 Metaspace       used 74812K, committed 75520K, reserved 1179648K
  class space    used 9806K, committed 10112K, reserved 1048576K
}
Event: 229.409 GC heap after
{Heap after GC invocations=24 (full 0):
 garbage-first heap   total 92160K, used 48779K [0x0000000704000000, 0x0000000800000000)
  region size 2048K, 2 young (4096K), 2 survivors (4096K)
 Metaspace       used 74812K, committed 75520K, reserved 1179648K
  class space    used 9806K, committed 10112K, reserved 1048576K
}
Event: 229.641 GC heap before
{Heap before GC invocations=24 (full 0):
 garbage-first heap   total 92160K, used 50827K [0x0000000704000000, 0x0000000800000000)
  region size 2048K, 4 young (8192K), 2 survivors (4096K)
 Metaspace       used 75108K, committed 75776K, reserved 1179648K
  class space    used 9866K, committed 10176K, reserved 1048576K
}

