# JRE version: Java(TM) SE Runtime Environment (8.0_361) (build 1.8.0_361-b09)
# Java VM: Java HotSpot(TM) 64-Bit Server VM (25.361-b09 mixed mode windows-amd64 compressed oops)
Heap:
 PSYoungGen      total 164864K, used 44692K [0x000000076c000000, 0x0000000778c80000, 0x00000007c0000000)
  eden space 158208K, 24% used [0x000000076c000000,0x000000076e554d18,0x0000000775a80000)
  from space 6656K, 97% used [0x0000000778600000,0x0000000778c50628,0x0000000778c80000)
  to   space 13312K, 0% used [0x0000000777280000,0x0000000777280000,0x0000000777f80000)
 ParOldGen       total 144384K, used 17859K [0x00000006c4000000, 0x00000006ccd00000, 0x000000076c000000)
  object space 144384K, 12% used [0x00000006c4000000,0x00000006c5170c98,0x00000006ccd00000)
 Metaspace       used 40770K, capacity 42805K, committed 43008K, reserved 1087488K
  class space    used 5427K, capacity 5839K, committed 5888K, reserved 1048576K
GC Heap History (10 events):
Event: 10.037 GC heap before
{Heap before GC invocations=6 (full 1):
 PSYoungGen      total 75264K, used 70693K [0x000000076c000000, 0x0000000774180000, 0x00000007c0000000)
  eden space 64512K, 100% used [0x000000076c000000,0x000000076ff00000,0x000000076ff00000)
  from space 10752K, 57% used [0x0000000770980000,0x0000000770f89708,0x0000000771400000)
  to   space 10752K, 0% used [0x000000076ff00000,0x000000076ff00000,0x0000000770980000)
 ParOldGen       total 92160K, used 8137K [0x00000006c4000000, 0x00000006c9a00000, 0x000000076c000000)
  object space 92160K, 8% used [0x00000006c4000000,0x00000006c47f2640,0x00000006c9a00000)
 Metaspace       used 26956K, capacity 28150K, committed 28416K, reserved 1073152K
  class space    used 3572K, capacity 3820K, committed 3840K, reserved 1048576K
Event: 10.042 GC heap after
Heap after GC invocations=6 (full 1):
 PSYoungGen      total 75264K, used 6556K [0x000000076c000000, 0x0000000774380000, 0x00000007c0000000)
  eden space 64512K, 0% used [0x000000076c000000,0x000000076c000000,0x000000076ff00000)
  from space 10752K, 60% used [0x000000076ff00000,0x0000000770567310,0x0000000770980000)
  to   space 12288K, 0% used [0x0000000773780000,0x0000000773780000,0x0000000774380000)
 ParOldGen       total 92160K, used 8145K [0x00000006c4000000, 0x00000006c9a00000, 0x000000076c000000)
  object space 92160K, 8% used [0x00000006c4000000,0x00000006c47f4640,0x00000006c9a00000)
 Metaspace       used 26956K, capacity 28150K, committed 28416K, reserved 1073152K
  class space    used 3572K, capacity 3820K, committed 3840K, reserved 1048576K
}
Event: 10.552 GC heap before
{Heap before GC invocations=7 (full 1):
 PSYoungGen      total 75264K, used 71068K [0x000000076c000000, 0x0000000774380000, 0x00000007c0000000)
  eden space 64512K, 100% used [0x000000076c000000,0x000000076ff00000,0x000000076ff00000)
  from space 10752K, 60% used [0x000000076ff00000,0x0000000770567310,0x0000000770980000)
  to   space 12288K, 0% used [0x0000000773780000,0x0000000773780000,0x0000000774380000)
 ParOldGen       total 92160K, used 8145K [0x00000006c4000000, 0x00000006c9a00000, 0x000000076c000000)
  object space 92160K, 8% used [0x00000006c4000000,0x00000006c47f4640,0x00000006c9a00000)
 Metaspace       used 28728K, capacity 29988K, committed 30080K, reserved 1075200K
  class space    used 3845K, capacity 4135K, committed 4224K, reserved 1048576K
Event: 10.558 GC heap after
Heap after GC invocations=7 (full 1):
 PSYoungGen      total 122880K, used 7429K [0x000000076c000000, 0x0000000774380000, 0x00000007c0000000)
  eden space 110592K, 0% used [0x000000076c000000,0x000000076c000000,0x0000000772c00000)
  from space 12288K, 60% used [0x0000000773780000,0x0000000773ec16d0,0x0000000774380000)
  to   space 11776K, 0% used [0x0000000772c00000,0x0000000772c00000,0x0000000773780000)
 ParOldGen       total 92160K, used 8153K [0x00000006c4000000, 0x00000006c9a00000, 0x000000076c000000)
  object space 92160K, 8% used [0x00000006c4000000,0x00000006c47f6640,0x00000006c9a00000)
 Metaspace       used 28728K, capacity 29988K, committed 30080K, reserved 1075200K
  class space    used 3845K, capacity 4135K, committed 4224K, reserved 1048576K
}
Event: 11.684 GC heap before
{Heap before GC invocations=8 (full 1):
 PSYoungGen      total 122880K, used 110871K [0x000000076c000000, 0x0000000774380000, 0x00000007c0000000)
  eden space 110592K, 93% used [0x000000076c000000,0x0000000772504900,0x0000000772c00000)
  from space 12288K, 60% used [0x0000000773780000,0x0000000773ec16d0,0x0000000774380000)
  to   space 11776K, 0% used [0x0000000772c00000,0x0000000772c00000,0x0000000773780000)
 ParOldGen       total 92160K, used 8153K [0x00000006c4000000, 0x00000006c9a00000, 0x000000076c000000)
  object space 92160K, 8% used [0x00000006c4000000,0x00000006c47f6640,0x00000006c9a00000)
 Metaspace       used 33968K, capacity 35495K, committed 35496K, reserved 1079296K
  class space    used 4561K, capacity 4863K, committed 4864K, reserved 1048576K
Event: 11.694 GC heap after
Heap after GC invocations=8 (full 1):
 PSYoungGen      total 122368K, used 11773K [0x000000076c000000, 0x0000000779300000, 0x00000007c0000000)
  eden space 110592K, 0% used [0x000000076c000000,0x000000076c000000,0x0000000772c00000)
  from space 11776K, 99% used [0x0000000772c00000,0x000000077377f528,0x0000000773780000)
  to   space 13312K, 0% used [0x0000000778600000,0x0000000778600000,0x0000000779300000)
 ParOldGen       total 92160K, used 8523K [0x00000006c4000000, 0x00000006c9a00000, 0x000000076c000000)
  object space 92160K, 9% used [0x00000006c4000000,0x00000006c4852ed8,0x00000006c9a00000)
 Metaspace       used 33968K, capacity 35495K, committed 35496K, reserved 1079296K
  class space    used 4561K, capacity 4863K, committed 4864K, reserved 1048576K
}
Event: 11.694 GC heap before
{Heap before GC invocations=9 (full 2):
 PSYoungGen      total 122368K, used 11773K [0x000000076c000000, 0x0000000779300000, 0x00000007c0000000)
  eden space 110592K, 0% used [0x000000076c000000,0x000000076c000000,0x0000000772c00000)
  from space 11776K, 99% used [0x0000000772c00000,0x000000077377f528,0x0000000773780000)
  to   space 13312K, 0% used [0x0000000778600000,0x0000000778600000,0x0000000779300000)
 ParOldGen       total 92160K, used 8523K [0x00000006c4000000, 0x00000006c9a00000, 0x000000076c000000)
  object space 92160K, 9% used [0x00000006c4000000,0x00000006c4852ed8,0x00000006c9a00000)
 Metaspace       used 33968K, capacity 35495K, committed 35496K, reserved 1079296K
  class space    used 4561K, capacity 4863K, committed 4864K, reserved 1048576K
Event: 11.740 GC heap after
Heap after GC invocations=9 (full 2):
 PSYoungGen      total 122368K, used 0K [0x000000076c000000, 0x0000000779300000, 0x00000007c0000000)
  eden space 110592K, 0% used [0x000000076c000000,0x000000076c000000,0x0000000772c00000)
  from space 11776K, 0% used [0x0000000772c00000,0x0000000772c00000,0x0000000773780000)
  to   space 13312K, 0% used [0x0000000778600000,0x0000000778600000,0x0000000779300000)
 ParOldGen       total 144384K, used 17851K [0x00000006c4000000, 0x00000006ccd00000, 0x000000076c000000)
  object space 144384K, 12% used [0x00000006c4000000,0x00000006c516ec98,0x00000006ccd00000)
 Metaspace       used 33968K, capacity 35495K, committed 35496K, reserved 1079296K
  class space    used 4561K, capacity 4863K, committed 4864K, reserved 1048576K
}
Event: 22.526 GC heap before
{Heap before GC invocations=10 (full 2):
 PSYoungGen      total 122368K, used 110592K [0x000000076c000000, 0x0000000779300000, 0x00000007c0000000)
  eden space 110592K, 100% used [0x000000076c000000,0x0000000772c00000,0x0000000772c00000)
  from space 11776K, 0% used [0x0000000772c00000,0x0000000772c00000,0x0000000773780000)
  to   space 13312K, 0% used [0x0000000778600000,0x0000000778600000,0x0000000779300000)
 ParOldGen       total 144384K, used 17851K [0x00000006c4000000, 0x00000006ccd00000, 0x000000076c000000)
  object space 144384K, 12% used [0x00000006c4000000,0x00000006c516ec98,0x00000006ccd00000)
 Metaspace       used 38699K, capacity 40655K, committed 40832K, reserved 1085440K
  class space    used 5126K, capacity 5479K, committed 5504K, reserved 1048576K
Event: 22.534 GC heap after
Heap after GC invocations=10 (full 2):
 PSYoungGen      total 164864K, used 6465K [0x000000076c000000, 0x0000000778c80000, 0x00000007c0000000)
  eden space 158208K, 0% used [0x000000076c000000,0x000000076c000000,0x0000000775a80000)
  from space 6656K, 97% used [0x0000000778600000,0x0000000778c50628,0x0000000778c80000)
  to   space 13312K, 0% used [0x0000000777280000,0x0000000777280000,0x0000000777f80000)
 ParOldGen       total 144384K, used 17859K [0x00000006c4000000, 0x00000006ccd00000, 0x000000076c000000)
  object space 144384K, 12% used [0x00000006c4000000,0x00000006c5170c98,0x00000006ccd00000)
 Metaspace       used 38699K, capacity 40655K, committed 40832K, reserved 1085440K
  class space    used 5126K, capacity 5479K, committed 5504K, reserved 1048576K
}

