# JRE version: OpenJDK Runtime Environment Temurin-21.0.6+7 (21.0.6+7) (build 21.0.6+7-LTS)
# Java VM: OpenJDK 64-Bit Server VM Temurin-21.0.6+7 (21.0.6+7-LTS, mixed mode, sharing, tiered, compressed oops, compressed class ptrs, parallel gc, windows-amd64)
GC Precious Log:
 CardTable entry size: 512
 CPUs: 8 total, 8 available
 Memory: 16122M
 Large Page Support: Disabled
 NUMA Support: Disabled
 Compressed Oops: Enabled (32-bit)
 Alignments: Space 512K, Generation 512K, Heap 2M
 Heap Min Capacity: 100M
 Heap Initial Capacity: 100M
 Heap Max Capacity: 1G
 Pre-touch: Disabled
 Parallel Workers: 8
Heap:
 PSYoungGen      total 14848K, used 7884K [0x00000000eab00000, 0x00000000ebc00000, 0x0000000100000000)
  eden space 13312K, 47% used [0x00000000eab00000,0x00000000eb13afa0,0x00000000eb800000)
  from space 1536K, 97% used [0x00000000eb900000,0x00000000eba78060,0x00000000eba80000)
  to   space 1536K, 0% used [0x00000000eba80000,0x00000000eba80000,0x00000000ebc00000)
 ParOldGen       total 615424K, used 611493K [0x00000000c0000000, 0x00000000e5900000, 0x00000000eab00000)
  object space 615424K, 99% used [0x00000000c0000000,0x00000000e5529638,0x00000000e5900000)
 Metaspace       used 84393K, committed 86144K, reserved 1179648K
  class space    used 8234K, committed 9024K, reserved 1048576K
GC Heap History (20 events):
Event: 866.186 GC heap after
{Heap after GC invocations=1321 (full 5):
 PSYoungGen      total 12288K, used 1004K [0x00000000eab00000, 0x00000000eb880000, 0x0000000100000000)
  eden space 10752K, 0% used [0x00000000eab00000,0x00000000eab00000,0x00000000eb580000)
  from space 1536K, 65% used [0x00000000eb700000,0x00000000eb7fb1b0,0x00000000eb880000)
  to   space 1536K, 0% used [0x00000000eb580000,0x00000000eb580000,0x00000000eb700000)
 ParOldGen       total 615424K, used 588586K [0x00000000c0000000, 0x00000000e5900000, 0x00000000eab00000)
  object space 615424K, 95% used [0x00000000c0000000,0x00000000e3eca918,0x00000000e5900000)
 Metaspace       used 84375K, committed 86144K, reserved 1179648K
  class space    used 8234K, committed 9024K, reserved 1048576K
}
Event: 866.216 GC heap before
{Heap before GC invocations=1322 (full 5):
 PSYoungGen      total 12288K, used 11756K [0x00000000eab00000, 0x00000000eb880000, 0x0000000100000000)
  eden space 10752K, 100% used [0x00000000eab00000,0x00000000eb580000,0x00000000eb580000)
  from space 1536K, 65% used [0x00000000eb700000,0x00000000eb7fb1b0,0x00000000eb880000)
  to   space 1536K, 0% used [0x00000000eb580000,0x00000000eb580000,0x00000000eb700000)
 ParOldGen       total 615424K, used 588586K [0x00000000c0000000, 0x00000000e5900000, 0x00000000eab00000)
  object space 615424K, 95% used [0x00000000c0000000,0x00000000e3eca918,0x00000000e5900000)
 Metaspace       used 84375K, committed 86144K, reserved 1179648K
  class space    used 8234K, committed 9024K, reserved 1048576K
}
Event: 866.219 GC heap after
{Heap after GC invocations=1322 (full 5):
 PSYoungGen      total 12288K, used 1513K [0x00000000eab00000, 0x00000000ebc80000, 0x0000000100000000)
  eden space 10752K, 0% used [0x00000000eab00000,0x00000000eab00000,0x00000000eb580000)
  from space 1536K, 98% used [0x00000000eb580000,0x00000000eb6fa718,0x00000000eb700000)
  to   space 3584K, 0% used [0x00000000eb900000,0x00000000eb900000,0x00000000ebc80000)
 ParOldGen       total 615424K, used 589845K [0x00000000c0000000, 0x00000000e5900000, 0x00000000eab00000)
  object space 615424K, 95% used [0x00000000c0000000,0x00000000e4005518,0x00000000e5900000)
 Metaspace       used 84375K, committed 86144K, reserved 1179648K
  class space    used 8234K, committed 9024K, reserved 1048576K
}
Event: 866.236 GC heap before
{Heap before GC invocations=1323 (full 5):
 PSYoungGen      total 12288K, used 12265K [0x00000000eab00000, 0x00000000ebc80000, 0x0000000100000000)
  eden space 10752K, 100% used [0x00000000eab00000,0x00000000eb580000,0x00000000eb580000)
  from space 1536K, 98% used [0x00000000eb580000,0x00000000eb6fa718,0x00000000eb700000)
  to   space 3584K, 0% used [0x00000000eb900000,0x00000000eb900000,0x00000000ebc80000)
 ParOldGen       total 615424K, used 589845K [0x00000000c0000000, 0x00000000e5900000, 0x00000000eab00000)
  object space 615424K, 95% used [0x00000000c0000000,0x00000000e4005518,0x00000000e5900000)
 Metaspace       used 84377K, committed 86144K, reserved 1179648K
  class space    used 8234K, committed 9024K, reserved 1048576K
}
Event: 866.240 GC heap after
{Heap after GC invocations=1323 (full 5):
 PSYoungGen      total 13824K, used 3468K [0x00000000eab00000, 0x00000000ebd80000, 0x0000000100000000)
  eden space 10240K, 0% used [0x00000000eab00000,0x00000000eab00000,0x00000000eb500000)
  from space 3584K, 96% used [0x00000000eb900000,0x00000000ebc631f8,0x00000000ebc80000)
  to   space 4096K, 0% used [0x00000000eb500000,0x00000000eb500000,0x00000000eb900000)
 ParOldGen       total 615424K, used 591341K [0x00000000c0000000, 0x00000000e5900000, 0x00000000eab00000)
  object space 615424K, 96% used [0x00000000c0000000,0x00000000e417b6a8,0x00000000e5900000)
 Metaspace       used 84377K, committed 86144K, reserved 1179648K
  class space    used 8234K, committed 9024K, reserved 1048576K
}
Event: 866.258 GC heap before
{Heap before GC invocations=1324 (full 5):
 PSYoungGen      total 13824K, used 13708K [0x00000000eab00000, 0x00000000ebd80000, 0x0000000100000000)
  eden space 10240K, 100% used [0x00000000eab00000,0x00000000eb500000,0x00000000eb500000)
  from space 3584K, 96% used [0x00000000eb900000,0x00000000ebc631f8,0x00000000ebc80000)
  to   space 4096K, 0% used [0x00000000eb500000,0x00000000eb500000,0x00000000eb900000)
 ParOldGen       total 615424K, used 591341K [0x00000000c0000000, 0x00000000e5900000, 0x00000000eab00000)
  object space 615424K, 96% used [0x00000000c0000000,0x00000000e417b6a8,0x00000000e5900000)
 Metaspace       used 84377K, committed 86144K, reserved 1179648K
  class space    used 8234K, committed 9024K, reserved 1048576K
}
Event: 866.263 GC heap after
{Heap after GC invocations=1324 (full 5):
 PSYoungGen      total 11776K, used 1156K [0x00000000eab00000, 0x00000000eb980000, 0x0000000100000000)
  eden space 10240K, 0% used [0x00000000eab00000,0x00000000eab00000,0x00000000eb500000)
  from space 1536K, 75% used [0x00000000eb500000,0x00000000eb621210,0x00000000eb680000)
  to   space 2048K, 0% used [0x00000000eb780000,0x00000000eb780000,0x00000000eb980000)
 ParOldGen       total 615424K, used 594046K [0x00000000c0000000, 0x00000000e5900000, 0x00000000eab00000)
  object space 615424K, 96% used [0x00000000c0000000,0x00000000e441fbb8,0x00000000e5900000)
 Metaspace       used 84377K, committed 86144K, reserved 1179648K
  class space    used 8234K, committed 9024K, reserved 1048576K
}
Event: 866.270 GC heap before
{Heap before GC invocations=1325 (full 5):
 PSYoungGen      total 11776K, used 11396K [0x00000000eab00000, 0x00000000eb980000, 0x0000000100000000)
  eden space 10240K, 100% used [0x00000000eab00000,0x00000000eb500000,0x00000000eb500000)
  from space 1536K, 75% used [0x00000000eb500000,0x00000000eb621210,0x00000000eb680000)
  to   space 2048K, 0% used [0x00000000eb780000,0x00000000eb780000,0x00000000eb980000)
 ParOldGen       total 615424K, used 594046K [0x00000000c0000000, 0x00000000e5900000, 0x00000000eab00000)
  object space 615424K, 96% used [0x00000000c0000000,0x00000000e441fbb8,0x00000000e5900000)
 Metaspace       used 84377K, committed 86144K, reserved 1179648K
  class space    used 8234K, committed 9024K, reserved 1048576K
}
Event: 866.272 GC heap after
{Heap after GC invocations=1325 (full 5):
 PSYoungGen      total 12800K, used 1849K [0x00000000eab00000, 0x00000000ebb00000, 0x0000000100000000)
  eden space 10752K, 0% used [0x00000000eab00000,0x00000000eab00000,0x00000000eb580000)
  from space 2048K, 90% used [0x00000000eb780000,0x00000000eb94e518,0x00000000eb980000)
  to   space 2048K, 0% used [0x00000000eb580000,0x00000000eb580000,0x00000000eb780000)
 ParOldGen       total 615424K, used 595030K [0x00000000c0000000, 0x00000000e5900000, 0x00000000eab00000)
  object space 615424K, 96% used [0x00000000c0000000,0x00000000e4515ad8,0x00000000e5900000)
 Metaspace       used 84377K, committed 86144K, reserved 1179648K
  class space    used 8234K, committed 9024K, reserved 1048576K
}
Event: 866.289 GC heap before
{Heap before GC invocations=1326 (full 5):
 PSYoungGen      total 12800K, used 12601K [0x00000000eab00000, 0x00000000ebb00000, 0x0000000100000000)
  eden space 10752K, 100% used [0x00000000eab00000,0x00000000eb580000,0x00000000eb580000)
  from space 2048K, 90% used [0x00000000eb780000,0x00000000eb94e518,0x00000000eb980000)
  to   space 2048K, 0% used [0x00000000eb580000,0x00000000eb580000,0x00000000eb780000)
 ParOldGen       total 615424K, used 595030K [0x00000000c0000000, 0x00000000e5900000, 0x00000000eab00000)
  object space 615424K, 96% used [0x00000000c0000000,0x00000000e4515ad8,0x00000000e5900000)
 Metaspace       used 84377K, committed 86144K, reserved 1179648K
  class space    used 8234K, committed 9024K, reserved 1048576K
}
Event: 866.294 GC heap after
{Heap after GC invocations=1326 (full 5):
 PSYoungGen      total 12800K, used 2021K [0x00000000eab00000, 0x00000000ec000000, 0x0000000100000000)
  eden space 10752K, 0% used [0x00000000eab00000,0x00000000eab00000,0x00000000eb580000)
  from space 2048K, 98% used [0x00000000eb580000,0x00000000eb7795e0,0x00000000eb780000)
  to   space 4096K, 0% used [0x00000000ebc00000,0x00000000ebc00000,0x00000000ec000000)
 ParOldGen       total 615424K, used 596490K [0x00000000c0000000, 0x00000000e5900000, 0x00000000eab00000)
  object space 615424K, 96% used [0x00000000c0000000,0x00000000e4682bc8,0x00000000e5900000)
 Metaspace       used 84377K, committed 86144K, reserved 1179648K
  class space    used 8234K, committed 9024K, reserved 1048576K
}
Event: 866.313 GC heap before
{Heap before GC invocations=1327 (full 5):
 PSYoungGen      total 12800K, used 12773K [0x00000000eab00000, 0x00000000ec000000, 0x0000000100000000)
  eden space 10752K, 100% used [0x00000000eab00000,0x00000000eb580000,0x00000000eb580000)
  from space 2048K, 98% used [0x00000000eb580000,0x00000000eb7795e0,0x00000000eb780000)
  to   space 4096K, 0% used [0x00000000ebc00000,0x00000000ebc00000,0x00000000ec000000)
 ParOldGen       total 615424K, used 596490K [0x00000000c0000000, 0x00000000e5900000, 0x00000000eab00000)
  object space 615424K, 96% used [0x00000000c0000000,0x00000000e4682bc8,0x00000000e5900000)
 Metaspace       used 84377K, committed 86144K, reserved 1179648K
  class space    used 8234K, committed 9024K, reserved 1048576K
}
Event: 866.317 GC heap after
{Heap after GC invocations=1327 (full 5):
 PSYoungGen      total 16896K, used 3345K [0x00000000eab00000, 0x00000000ebf80000, 0x0000000100000000)
  eden space 13312K, 0% used [0x00000000eab00000,0x00000000eab00000,0x00000000eb800000)
  from space 3584K, 93% used [0x00000000ebc00000,0x00000000ebf44790,0x00000000ebf80000)
  to   space 3584K, 0% used [0x00000000eb880000,0x00000000eb880000,0x00000000ebc00000)
 ParOldGen       total 615424K, used 599850K [0x00000000c0000000, 0x00000000e5900000, 0x00000000eab00000)
  object space 615424K, 97% used [0x00000000c0000000,0x00000000e49caa28,0x00000000e5900000)
 Metaspace       used 84377K, committed 86144K, reserved 1179648K
  class space    used 8234K, committed 9024K, reserved 1048576K
}
Event: 866.371 GC heap before
{Heap before GC invocations=1328 (full 5):
 PSYoungGen      total 16896K, used 16657K [0x00000000eab00000, 0x00000000ebf80000, 0x0000000100000000)
  eden space 13312K, 100% used [0x00000000eab00000,0x00000000eb800000,0x00000000eb800000)
  from space 3584K, 93% used [0x00000000ebc00000,0x00000000ebf44790,0x00000000ebf80000)
  to   space 3584K, 0% used [0x00000000eb880000,0x00000000eb880000,0x00000000ebc00000)
 ParOldGen       total 615424K, used 599850K [0x00000000c0000000, 0x00000000e5900000, 0x00000000eab00000)
  object space 615424K, 97% used [0x00000000c0000000,0x00000000e49caa28,0x00000000e5900000)
 Metaspace       used 84388K, committed 86144K, reserved 1179648K
  class space    used 8234K, committed 9024K, reserved 1048576K
}
Event: 866.375 GC heap after
{Heap after GC invocations=1328 (full 5):
 PSYoungGen      total 15360K, used 1938K [0x00000000eab00000, 0x00000000ebd00000, 0x0000000100000000)
  eden space 13312K, 0% used [0x00000000eab00000,0x00000000eab00000,0x00000000eb800000)
  from space 2048K, 94% used [0x00000000eb880000,0x00000000eba64a38,0x00000000eba80000)
  to   space 2560K, 0% used [0x00000000eba80000,0x00000000eba80000,0x00000000ebd00000)
 ParOldGen       total 615424K, used 600871K [0x00000000c0000000, 0x00000000e5900000, 0x00000000eab00000)
  object space 615424K, 97% used [0x00000000c0000000,0x00000000e4ac9f38,0x00000000e5900000)
 Metaspace       used 84388K, committed 86144K, reserved 1179648K
  class space    used 8234K, committed 9024K, reserved 1048576K
}
Event: 866.412 GC heap before
{Heap before GC invocations=1329 (full 5):
 PSYoungGen      total 15360K, used 15250K [0x00000000eab00000, 0x00000000ebd00000, 0x0000000100000000)
  eden space 13312K, 100% used [0x00000000eab00000,0x00000000eb800000,0x00000000eb800000)
  from space 2048K, 94% used [0x00000000eb880000,0x00000000eba64a38,0x00000000eba80000)
  to   space 2560K, 0% used [0x00000000eba80000,0x00000000eba80000,0x00000000ebd00000)
 ParOldGen       total 615424K, used 600871K [0x00000000c0000000, 0x00000000e5900000, 0x00000000eab00000)
  object space 615424K, 97% used [0x00000000c0000000,0x00000000e4ac9f38,0x00000000e5900000)
 Metaspace       used 84390K, committed 86144K, reserved 1179648K
  class space    used 8234K, committed 9024K, reserved 1048576K
}
Event: 866.416 GC heap after
{Heap after GC invocations=1329 (full 5):
 PSYoungGen      total 15872K, used 2126K [0x00000000eab00000, 0x00000000ebd00000, 0x0000000100000000)
  eden space 13312K, 0% used [0x00000000eab00000,0x00000000eab00000,0x00000000eb800000)
  from space 2560K, 83% used [0x00000000eba80000,0x00000000ebc93828,0x00000000ebd00000)
  to   space 2560K, 0% used [0x00000000eb800000,0x00000000eb800000,0x00000000eba80000)
 ParOldGen       total 615424K, used 602342K [0x00000000c0000000, 0x00000000e5900000, 0x00000000eab00000)
  object space 615424K, 97% used [0x00000000c0000000,0x00000000e4c39810,0x00000000e5900000)
 Metaspace       used 84390K, committed 86144K, reserved 1179648K
  class space    used 8234K, committed 9024K, reserved 1048576K
}
Event: 866.434 GC heap before
{Heap before GC invocations=1330 (full 5):
 PSYoungGen      total 15872K, used 15438K [0x00000000eab00000, 0x00000000ebd00000, 0x0000000100000000)
  eden space 13312K, 100% used [0x00000000eab00000,0x00000000eb800000,0x00000000eb800000)
  from space 2560K, 83% used [0x00000000eba80000,0x00000000ebc93828,0x00000000ebd00000)
  to   space 2560K, 0% used [0x00000000eb800000,0x00000000eb800000,0x00000000eba80000)
 ParOldGen       total 615424K, used 602342K [0x00000000c0000000, 0x00000000e5900000, 0x00000000eab00000)
  object space 615424K, 97% used [0x00000000c0000000,0x00000000e4c39810,0x00000000e5900000)
 Metaspace       used 84390K, committed 86144K, reserved 1179648K
  class space    used 8234K, committed 9024K, reserved 1048576K
}
Event: 866.437 GC heap after
{Heap after GC invocations=1330 (full 5):
 PSYoungGen      total 15872K, used 2023K [0x00000000eab00000, 0x00000000ebd00000, 0x0000000100000000)
  eden space 13312K, 0% used [0x00000000eab00000,0x00000000eab00000,0x00000000eb800000)
  from space 2560K, 79% used [0x00000000eb800000,0x00000000eb9f9e80,0x00000000eba80000)
  to   space 2560K, 0% used [0x00000000eba80000,0x00000000eba80000,0x00000000ebd00000)
 ParOldGen       total 615424K, used 604231K [0x00000000c0000000, 0x00000000e5900000, 0x00000000eab00000)
  object space 615424K, 98% used [0x00000000c0000000,0x00000000e4e11f68,0x00000000e5900000)
 Metaspace       used 84390K, committed 86144K, reserved 1179648K
  class space    used 8234K, committed 9024K, reserved 1048576K
}
Event: 866.452 GC heap before
{Heap before GC invocations=1331 (full 5):
 PSYoungGen      total 15872K, used 14069K [0x00000000eab00000, 0x00000000ebd00000, 0x0000000100000000)
  eden space 13312K, 90% used [0x00000000eab00000,0x00000000eb6c38a8,0x00000000eb800000)
  from space 2560K, 79% used [0x00000000eb800000,0x00000000eb9f9e80,0x00000000eba80000)
  to   space 2560K, 0% used [0x00000000eba80000,0x00000000eba80000,0x00000000ebd00000)
 ParOldGen       total 615424K, used 604231K [0x00000000c0000000, 0x00000000e5900000, 0x00000000eab00000)
  object space 615424K, 98% used [0x00000000c0000000,0x00000000e4e11f68,0x00000000e5900000)
 Metaspace       used 84390K, committed 86144K, reserved 1179648K
  class space    used 8234K, committed 9024K, reserved 1048576K
}

